<?xml version="1.0" encoding="UTF-8"?>
<testsuite name="com.example.alfabanktesting.controller.AppControllerTest" tests="2" skipped="0" failures="0" errors="0" timestamp="2021-10-18T10:06:26" hostname="TK-ECO-PC" time="2.792">
  <properties/>
  <testcase name="getGifRedirectTest()" classname="com.example.alfabanktesting.controller.AppControllerTest" time="2.778"/>
  <testcase name="getRandomGifTest()" classname="com.example.alfabanktesting.controller.AppControllerTest" time="0.011"/>
  <system-out><![CDATA[15:06:20.432 [Test worker] DEBUG org.springframework.test.context.BootstrapUtils - Instantiating CacheAwareContextLoaderDelegate from class [org.springframework.test.context.cache.DefaultCacheAwareContextLoaderDelegate]
15:06:20.450 [Test worker] DEBUG org.springframework.test.context.BootstrapUtils - Instantiating BootstrapContext using constructor [public org.springframework.test.context.support.DefaultBootstrapContext(java.lang.Class,org.springframework.test.context.CacheAwareContextLoaderDelegate)]
15:06:20.514 [Test worker] DEBUG org.springframework.test.context.BootstrapUtils - Instantiating TestContextBootstrapper for test class [com.example.alfabanktesting.controller.AppControllerTest] from class [org.springframework.boot.test.context.SpringBootTestContextBootstrapper]
15:06:20.526 [Test worker] INFO org.springframework.boot.test.context.SpringBootTestContextBootstrapper - Neither @ContextConfiguration nor @ContextHierarchy found for test class [com.example.alfabanktesting.controller.AppControllerTest], using SpringBootContextLoader
15:06:20.532 [Test worker] DEBUG org.springframework.test.context.support.AbstractContextLoader - Did not detect default resource location for test class [com.example.alfabanktesting.controller.AppControllerTest]: class path resource [com/example/alfabanktesting/controller/AppControllerTest-context.xml] does not exist
15:06:20.533 [Test worker] DEBUG org.springframework.test.context.support.AbstractContextLoader - Did not detect default resource location for test class [com.example.alfabanktesting.controller.AppControllerTest]: class path resource [com/example/alfabanktesting/controller/AppControllerTestContext.groovy] does not exist
15:06:20.534 [Test worker] INFO org.springframework.test.context.support.AbstractContextLoader - Could not detect default resource locations for test class [com.example.alfabanktesting.controller.AppControllerTest]: no resource found for suffixes {-context.xml, Context.groovy}.
15:06:20.535 [Test worker] INFO org.springframework.test.context.support.AnnotationConfigContextLoaderUtils - Could not detect default configuration classes for test class [com.example.alfabanktesting.controller.AppControllerTest]: AppControllerTest does not declare any static, non-private, non-final, nested classes annotated with @Configuration.
15:06:20.647 [Test worker] DEBUG org.springframework.test.context.support.ActiveProfilesUtils - Could not find an 'annotation declaring class' for annotation type [org.springframework.test.context.ActiveProfiles] and class [com.example.alfabanktesting.controller.AppControllerTest]
15:06:20.747 [Test worker] DEBUG org.springframework.context.annotation.ClassPathScanningCandidateComponentProvider - Identified candidate component class: file [D:\! JAVA\alfa-bank-testing\build\classes\java\main\com\example\alfabanktesting\AlfaBankTestingApplication.class]
15:06:20.762 [Test worker] INFO org.springframework.boot.test.context.SpringBootTestContextBootstrapper - Found @SpringBootConfiguration com.example.alfabanktesting.AlfaBankTestingApplication for test class com.example.alfabanktesting.controller.AppControllerTest
15:06:20.932 [Test worker] DEBUG org.springframework.boot.test.context.SpringBootTestContextBootstrapper - @TestExecutionListeners is not present for class [com.example.alfabanktesting.controller.AppControllerTest]: using defaults.
15:06:20.933 [Test worker] INFO org.springframework.boot.test.context.SpringBootTestContextBootstrapper - Loaded default TestExecutionListener class names from location [META-INF/spring.factories]: [org.springframework.cloud.contract.stubrunner.provider.wiremock.StubRunnerWireMockTestExecutionListener, org.springframework.cloud.contract.wiremock.WireMockTestExecutionListener, org.springframework.boot.test.autoconfigure.restdocs.RestDocsTestExecutionListener, org.springframework.boot.test.autoconfigure.web.client.MockRestServiceServerResetTestExecutionListener, org.springframework.boot.test.autoconfigure.web.servlet.MockMvcPrintOnlyOnFailureTestExecutionListener, org.springframework.boot.test.autoconfigure.web.servlet.WebDriverTestExecutionListener, org.springframework.boot.test.autoconfigure.webservices.client.MockWebServiceServerTestExecutionListener, org.springframework.boot.test.mock.mockito.MockitoTestExecutionListener, org.springframework.boot.test.mock.mockito.ResetMocksTestExecutionListener, org.springframework.test.context.web.ServletTestExecutionListener, org.springframework.test.context.support.DirtiesContextBeforeModesTestExecutionListener, org.springframework.test.context.event.ApplicationEventsTestExecutionListener, org.springframework.test.context.support.DependencyInjectionTestExecutionListener, org.springframework.test.context.support.DirtiesContextTestExecutionListener, org.springframework.test.context.transaction.TransactionalTestExecutionListener, org.springframework.test.context.jdbc.SqlScriptsTestExecutionListener, org.springframework.test.context.event.EventPublishingTestExecutionListener]
15:06:20.955 [Test worker] DEBUG org.springframework.boot.test.context.SpringBootTestContextBootstrapper - Skipping candidate TestExecutionListener [org.springframework.test.context.transaction.TransactionalTestExecutionListener] due to a missing dependency. Specify custom listener classes or make the default listener classes and their required dependencies available. Offending class: [org/springframework/transaction/interceptor/TransactionAttributeSource]
15:06:20.956 [Test worker] DEBUG org.springframework.boot.test.context.SpringBootTestContextBootstrapper - Skipping candidate TestExecutionListener [org.springframework.test.context.jdbc.SqlScriptsTestExecutionListener] due to a missing dependency. Specify custom listener classes or make the default listener classes and their required dependencies available. Offending class: [org/springframework/transaction/interceptor/TransactionAttribute]
15:06:20.957 [Test worker] INFO org.springframework.boot.test.context.SpringBootTestContextBootstrapper - Using TestExecutionListeners: [org.springframework.test.context.web.ServletTestExecutionListener@5398edd0, org.springframework.test.context.support.DirtiesContextBeforeModesTestExecutionListener@b5cc23a, org.springframework.test.context.event.ApplicationEventsTestExecutionListener@5cc5b667, org.springframework.boot.test.mock.mockito.MockitoTestExecutionListener@61edc883, org.springframework.boot.test.autoconfigure.SpringBootDependencyInjectionTestExecutionListener@758f4f03, org.springframework.test.context.support.DirtiesContextTestExecutionListener@182f1e9a, org.springframework.test.context.event.EventPublishingTestExecutionListener@6928f576, org.springframework.boot.test.autoconfigure.restdocs.RestDocsTestExecutionListener@660e9100, org.springframework.boot.test.autoconfigure.web.client.MockRestServiceServerResetTestExecutionListener@69f63d95, org.springframework.boot.test.autoconfigure.web.servlet.MockMvcPrintOnlyOnFailureTestExecutionListener@9cd25ff, org.springframework.boot.test.autoconfigure.web.servlet.WebDriverTestExecutionListener@27e0f2f5, org.springframework.boot.test.autoconfigure.webservices.client.MockWebServiceServerTestExecutionListener@3574e198, org.springframework.boot.test.mock.mockito.ResetMocksTestExecutionListener@6db66836, org.springframework.cloud.contract.stubrunner.provider.wiremock.StubRunnerWireMockTestExecutionListener@db44aa2, org.springframework.cloud.contract.wiremock.WireMockTestExecutionListener@2de366bb]
15:06:20.966 [Test worker] DEBUG org.springframework.test.context.support.AbstractDirtiesContextTestExecutionListener - Before test class: context [DefaultTestContext@64f857e7 testClass = AppControllerTest, testInstance = [null], testMethod = [null], testException = [null], mergedContextConfiguration = [WebMergedContextConfiguration@1095f122 testClass = AppControllerTest, locations = '{}', classes = '{class com.example.alfabanktesting.AlfaBankTestingApplication}', contextInitializerClasses = '[]', activeProfiles = '{}', propertySourceLocations = '{}', propertySourceProperties = '{org.springframework.boot.test.context.SpringBootTestContextBootstrapper=true}', contextCustomizers = set[org.springframework.boot.test.autoconfigure.actuate.metrics.MetricsExportContextCustomizerFactory$DisableMetricExportContextCustomizer@65045a87, org.springframework.boot.test.autoconfigure.properties.PropertyMappingContextCustomizer@4b3fa0b3, org.springframework.boot.test.autoconfigure.web.servlet.WebDriverContextCustomizerFactory$Customizer@1d131e1b, [ImportsContextCustomizer@58c540cf key = [org.springframework.boot.test.autoconfigure.web.servlet.MockMvcAutoConfiguration, org.springframework.boot.test.autoconfigure.web.servlet.MockMvcWebClientAutoConfiguration, org.springframework.boot.test.autoconfigure.web.servlet.MockMvcWebDriverAutoConfiguration, org.springframework.boot.autoconfigure.security.oauth2.client.servlet.OAuth2ClientAutoConfiguration, org.springframework.boot.autoconfigure.security.oauth2.resource.servlet.OAuth2ResourceServerAutoConfiguration, org.springframework.boot.autoconfigure.security.servlet.SecurityAutoConfiguration, org.springframework.boot.autoconfigure.security.servlet.SecurityFilterAutoConfiguration, org.springframework.boot.autoconfigure.security.servlet.UserDetailsServiceAutoConfiguration, org.springframework.boot.test.autoconfigure.web.servlet.MockMvcSecurityConfiguration]], org.springframework.boot.test.context.filter.ExcludeFilterContextCustomizer@c35172e, org.springframework.boot.test.json.DuplicateJsonObjectContextCustomizerFactory$DuplicateJsonObjectContextCustomizer@4566d049, org.springframework.boot.test.mock.mockito.MockitoContextCustomizer@0, org.springframework.boot.test.web.client.TestRestTemplateContextCustomizer@77d2e85, org.springframework.boot.test.web.reactive.server.WebTestClientContextCustomizer@319bc845, org.springframework.boot.test.context.SpringBootTestArgs@1, org.springframework.boot.test.context.SpringBootTestWebEnvironment@2eae8e6e], resourceBasePath = 'src/main/webapp', contextLoader = 'org.springframework.boot.test.context.SpringBootContextLoader', parent = [null]], attributes = map['org.springframework.test.context.web.ServletTestExecutionListener.activateListener' -> true]], class annotated with @DirtiesContext [false] with mode [null].
15:06:21.032 [Test worker] DEBUG org.springframework.test.context.support.TestPropertySourceUtils - Adding inlined properties to environment: {spring.jmx.enabled=false, org.springframework.boot.test.context.SpringBootTestContextBootstrapper=true}

  .   ____          _            __ _ _
 /\\ / ___'_ __ _ _(_)_ __  __ _ \ \ \ \
( ( )\___ | '_ | '_| | '_ \/ _` | \ \ \ \
 \\/  ___)| |_)| | | | | || (_| |  ) ) ) )
  '  |____| .__|_| |_|_| |_\__, | / / / /
 =========|_|==============|___/=/_/_/_/
 :: Spring Boot ::                (v2.5.5)

2021-10-18 15:06:21.680  INFO 14988 --- [    Test worker] c.e.a.controller.AppControllerTest       : Starting AppControllerTest using Java 16.0.1 on tk-eco-pc with PID 14988 (started by Тимур in D:\! JAVA\alfa-bank-testing)
2021-10-18 15:06:21.682 DEBUG 14988 --- [    Test worker] c.e.a.controller.AppControllerTest       : Running with Spring Boot v2.5.5, Spring v5.3.10
2021-10-18 15:06:21.684  INFO 14988 --- [    Test worker] c.e.a.controller.AppControllerTest       : No active profile set, falling back to default profiles: default
2021-10-18 15:06:23.871  INFO 14988 --- [    Test worker] o.s.cloud.context.scope.GenericScope     : BeanFactory id=f2c52ab5-b7f1-3c42-8699-5c303c907b91
2021-10-18 15:06:26.609  INFO 14988 --- [    Test worker] o.s.b.t.m.w.SpringBootMockServletContext : Initializing Spring TestDispatcherServlet ''
2021-10-18 15:06:26.610  INFO 14988 --- [    Test worker] o.s.t.web.servlet.TestDispatcherServlet  : Initializing Servlet ''
2021-10-18 15:06:26.628  INFO 14988 --- [    Test worker] o.s.b.a.e.web.EndpointLinksResolver      : Exposing 1 endpoint(s) beneath base path '/actuator'
2021-10-18 15:06:26.675  INFO 14988 --- [    Test worker] o.s.t.web.servlet.TestDispatcherServlet  : Completed initialization in 65 ms
2021-10-18 15:06:26.823  INFO 14988 --- [    Test worker] c.e.a.controller.AppControllerTest       : Started AppControllerTest in 5.783 seconds (JVM running for 7.893)
2021-10-18 15:06:27.645 DEBUG 14988 --- [    Test worker] c.e.alfabanktesting.MainController       : Executing method compareCurrency(). Custom currency is USD
2021-10-18 15:06:29.324 DEBUG 14988 --- [    Test worker] c.e.alfabanktesting.MainController       : Executing method getGifList(). RateHigher is 1
2021-10-18 15:06:29.325 DEBUG 14988 --- [    Test worker] c.e.alfabanktesting.MainController       : Executing method getAllGifsJson(). RateHigher is 1
2021-10-18 15:06:29.654 DEBUG 14988 --- [    Test worker] c.e.alfabanktesting.MainController       : Executing method getRandomGif(). Size is 10

MockHttpServletRequest:
      HTTP Method = GET
      Request URI = /compare/USD
       Parameters = {}
          Headers = []
             Body = null
    Session Attrs = {}

Handler:
             Type = com.example.alfabanktesting.MainController
           Method = com.example.alfabanktesting.MainController#compareCurrency(String, String)

Async:
    Async started = false
     Async result = null

Resolved Exception:
             Type = null

ModelAndView:
        View name = redirect:https://media4.giphy.com/media/YTRUPHI7fXK6s/giphy.gif?cid=08c11cc45fl0m0hmlah9d2048z2ho4w20yawvuo3jkidoxnq&rid=giphy.gif&ct=g
             View = null
            Model = null

FlashMap:
       Attributes = null

MockHttpServletResponse:
           Status = 302
    Error message = null
          Headers = [Content-Language:"en", Location:"https://media4.giphy.com/media/YTRUPHI7fXK6s/giphy.gif?cid=08c11cc45fl0m0hmlah9d2048z2ho4w20yawvuo3jkidoxnq&rid=giphy.gif&ct=g"]
     Content type = null
             Body = 
    Forwarded URL = null
   Redirected URL = https://media4.giphy.com/media/YTRUPHI7fXK6s/giphy.gif?cid=08c11cc45fl0m0hmlah9d2048z2ho4w20yawvuo3jkidoxnq&rid=giphy.gif&ct=g
          Cookies = []
2021-10-18 15:06:29.712 DEBUG 14988 --- [    Test worker] c.e.alfabanktesting.MainController       : Executing method getRandomGif(). Size is 10
]]></system-out>
  <system-err><![CDATA[]]></system-err>
</testsuite>
